d:\repos\vsprojects\miyuki\miyuki\x64\release\format.obj
d:\repos\vsprojects\miyuki\miyuki\x64\release\posix.obj
d:\repos\vsprojects\miyuki\miyuki\x64\release\accel.obj
d:\repos\vsprojects\miyuki\miyuki\x64\release\moc_renderview.obj
d:\repos\vsprojects\miyuki\miyuki\x64\release\qrc_mainwindow.obj
d:\repos\vsprojects\miyuki\miyuki\x64\release\corecl.obj
d:\repos\vsprojects\miyuki\miyuki\generatedfiles\release\moc_mainwindow.cpp
d:\repos\vsprojects\miyuki\miyuki\generatedfiles\release\moc_renderview.cpp
d:\repos\vsprojects\miyuki\miyuki\generatedfiles\qrc_mainwindow.cpp
d:\repos\vsprojects\miyuki\miyuki\generatedfiles\ui_mainwindow.h
d:\repos\vsprojects\miyuki\miyuki\.\generatedfiles\release\moc_mainwindow.cpp
d:\repos\vsprojects\miyuki\miyuki\.\generatedfiles\release\moc_renderview.cpp
d:\repos\vsprojects\miyuki\miyuki\.\generatedfiles\qrc_mainwindow.cpp
d:\repos\vsprojects\miyuki\miyuki\.\generatedfiles\ui_mainwindow.h
d:\repos\vsprojects\miyuki\miyuki\x64\release\miyuki.tlog\cl.11836.write.1.tlog
d:\repos\vsprojects\miyuki\miyuki\x64\release\miyuki.tlog\cl.command.1.tlog
d:\repos\vsprojects\miyuki\miyuki\x64\release\miyuki.tlog\cl.read.1.tlog
d:\repos\vsprojects\miyuki\miyuki\x64\release\miyuki.tlog\miyuki.write.1u.tlog
d:\repos\vsprojects\miyuki\miyuki\x64\release\miyuki.tlog\qtmoc.read.1u.tlog
d:\repos\vsprojects\miyuki\miyuki\x64\release\miyuki.tlog\qtmoc.write.1u.tlog
d:\repos\vsprojects\miyuki\miyuki\x64\release\miyuki.tlog\qtrcc.read.1u.tlog
d:\repos\vsprojects\miyuki\miyuki\x64\release\miyuki.tlog\qtrcc.write.1u.tlog
d:\repos\vsprojects\miyuki\miyuki\x64\release\miyuki.tlog\qtuic.read.1u.tlog
d:\repos\vsprojects\miyuki\miyuki\x64\release\miyuki.tlog\qtuic.write.1u.tlog
